<?xml version="1.0" encoding="UTF-8"?>
<coverage generated="1349466029">
  <project timestamp="1349466029">
    <package name="dapper">
      <file name="/Users/sam/Projects/dapper/src/Env.php">
        <class name="Env" namespace="dapper" fullPackage="dapper.Util" package="dapper" subpackage="Util">
          <metrics methods="14" coveredmethods="11" conditionals="0" coveredconditionals="0" statements="51" coveredstatements="44" elements="65" coveredelements="55"/>
        </class>
        <line num="0" type="stmt" count="1"/>
        <line num="35" type="method" name="autoload" crap="2" count="73"/>
        <line num="37" type="stmt" count="73"/>
        <line num="38" type="stmt" count="73"/>
        <line num="39" type="stmt" count="7"/>
        <line num="40" type="stmt" count="7"/>
        <line num="45" type="method" name="__construct" crap="7" count="12"/>
        <line num="47" type="stmt" count="12"/>
        <line num="48" type="stmt" count="12"/>
        <line num="49" type="stmt" count="12"/>
        <line num="50" type="stmt" count="12"/>
        <line num="51" type="stmt" count="2"/>
        <line num="52" type="stmt" count="2"/>
        <line num="53" type="stmt" count="2"/>
        <line num="54" type="stmt" count="1"/>
        <line num="55" type="stmt" count="1"/>
        <line num="56" type="stmt" count="1"/>
        <line num="57" type="stmt" count="2"/>
        <line num="58" type="stmt" count="2"/>
        <line num="59" type="stmt" count="2"/>
        <line num="66" type="stmt" count="10"/>
        <line num="67" type="stmt" count="10"/>
        <line num="68" type="stmt" count="10"/>
        <line num="69" type="stmt" count="10"/>
        <line num="70" type="stmt" count="10"/>
        <line num="71" type="stmt" count="10"/>
        <line num="72" type="stmt" count="10"/>
        <line num="74" type="stmt" count="12"/>
        <line num="75" type="stmt" count="12"/>
        <line num="77" type="method" name="writable_dir" crap="2" count="0"/>
        <line num="79" type="stmt" count="0"/>
        <line num="81" type="method" name="request_method" crap="1" count="3"/>
        <line num="83" type="stmt" count="3"/>
        <line num="85" type="method" name="request_path" crap="1" count="3"/>
        <line num="87" type="stmt" count="3"/>
        <line num="89" type="method" name="requested_format" crap="2" count="0"/>
        <line num="91" type="stmt" count="0"/>
        <line num="94" type="method" name="log" crap="2" count="0"/>
        <line num="96" type="stmt" count="0"/>
        <line num="97" type="stmt" count="0"/>
        <line num="99" type="method" name="is_dev" crap="1" count="2"/>
        <line num="101" type="stmt" count="2"/>
        <line num="104" type="method" name="is_cli_request" crap="1" count="10"/>
        <line num="106" type="stmt" count="10"/>
        <line num="109" type="method" name="is_cgi_request" crap="1" count="1"/>
        <line num="111" type="stmt" count="1"/>
        <line num="114" type="method" name="is_commandline_request" crap="3" count="10"/>
        <line num="116" type="stmt" count="10"/>
        <line num="117" type="stmt" count="10"/>
        <line num="118" type="stmt" count="10"/>
        <line num="126" type="method" name="set_request_path" crap="3.24" count="12"/>
        <line num="128" type="stmt" count="12"/>
        <line num="129" type="stmt" count="12"/>
        <line num="130" type="stmt" count="12"/>
        <line num="131" type="stmt" count="12"/>
        <line num="132" type="stmt" count="0"/>
        <line num="133" type="stmt" count="0"/>
        <line num="134" type="stmt" count="0"/>
        <line num="137" type="stmt" count="12"/>
        <line num="139" type="stmt" count="12"/>
        <line num="140" type="stmt" count="12"/>
        <line num="142" type="method" name="set_requested_format" crap="2" count="12"/>
        <line num="144" type="stmt" count="12"/>
        <line num="145" type="stmt" count="12"/>
        <line num="151" type="method" name="sniff_accept_headers" crap="1" count="12"/>
        <line num="153" type="stmt" count="12"/>
        <metrics loc="157" ncloc="116" classes="1" methods="14" coveredmethods="10" conditionals="0" coveredconditionals="0" statements="51" coveredstatements="44" elements="65" coveredelements="54"/>
      </file>
      <file name="/Users/sam/Projects/dapper/src/ExtractingClosure.php">
        <class name="ExtractingClosure" namespace="dapper" fullPackage="dapper" package="dapper">
          <metrics methods="9" coveredmethods="9" conditionals="0" coveredconditionals="0" statements="64" coveredstatements="64" elements="73" coveredelements="73"/>
        </class>
        <line num="41" type="method" name="__construct" crap="1" count="20"/>
        <line num="43" type="stmt" count="20"/>
        <line num="44" type="stmt" count="20"/>
        <line num="68" type="method" name="transform" crap="1" count="16"/>
        <line num="70" type="stmt" count="16"/>
        <line num="71" type="stmt" count="16"/>
        <line num="72" type="stmt" count="15"/>
        <line num="74" type="stmt" count="13"/>
        <line num="76" type="stmt" count="13"/>
        <line num="77" type="stmt" count="13"/>
        <line num="78" type="stmt" count="13"/>
        <line num="79" type="stmt" count="13"/>
        <line num="82" type="method" name="exposed_var_names" crap="1" count="7"/>
        <line num="84" type="stmt" count="7"/>
        <line num="87" type="method" name="build_closure_code_string" crap="3" count="16"/>
        <line num="89" type="stmt" count="16"/>
        <line num="90" type="stmt" count="16"/>
        <line num="91" type="stmt" count="16"/>
        <line num="92" type="stmt" count="16"/>
        <line num="93" type="stmt" count="16"/>
        <line num="94" type="stmt" count="16"/>
        <line num="95" type="stmt" count="16"/>
        <line num="97" type="stmt" count="16"/>
        <line num="98" type="stmt" count="16"/>
        <line num="102" type="stmt" count="16"/>
        <line num="103" type="stmt" count="16"/>
        <line num="104" type="stmt" count="5"/>
        <line num="105" type="stmt" count="5"/>
        <line num="106" type="stmt" count="5"/>
        <line num="107" type="stmt" count="5"/>
        <line num="108" type="stmt" count="5"/>
        <line num="109" type="stmt" count="16"/>
        <line num="110" type="stmt" count="16"/>
        <line num="111" type="stmt" count="16"/>
        <line num="112" type="stmt" count="16"/>
        <line num="113" type="stmt" count="16"/>
        <line num="114" type="stmt" count="16"/>
        <line num="115" type="stmt" count="16"/>
        <line num="116" type="stmt" count="16"/>
        <line num="117" type="stmt" count="16"/>
        <line num="118" type="stmt" count="16"/>
        <line num="119" type="stmt" count="16"/>
        <line num="122" type="method" name="closure_use_statement" crap="2" count="16"/>
        <line num="124" type="stmt" count="16"/>
        <line num="126" type="stmt" count="16"/>
        <line num="127" type="stmt" count="3"/>
        <line num="128" type="method" name="anonymous function" crap="1" count="3"/>
        <line num="129" type="stmt" count="3"/>
        <line num="130" type="stmt" count="3"/>
        <line num="131" type="stmt" count="16"/>
        <line num="139" type="method" name="replace_constants" crap="1" count="16"/>
        <line num="141" type="stmt" count="16"/>
        <line num="142" type="stmt" count="16"/>
        <line num="151" type="method" name="check_dissalowed_keywords" crap="2" count="16"/>
        <line num="153" type="stmt" count="16"/>
        <line num="154" type="stmt" count="16"/>
        <line num="156" type="stmt" count="16"/>
        <line num="158" type="stmt" count="16"/>
        <line num="159" type="stmt" count="1"/>
        <line num="160" type="stmt" count="1"/>
        <line num="161" type="stmt" count="1"/>
        <line num="163" type="stmt" count="15"/>
        <line num="168" type="method" name="assert_valid_var_names" crap="3" count="15"/>
        <line num="170" type="stmt" count="15"/>
        <line num="172" type="stmt" count="5"/>
        <line num="173" type="stmt" count="5"/>
        <line num="174" type="stmt" count="2"/>
        <line num="175" type="stmt" count="2"/>
        <line num="176" type="stmt" count="2"/>
        <line num="178" type="stmt" count="13"/>
        <line num="179" type="stmt" count="13"/>
        <line num="181" type="stmt" count="1"/>
        <metrics loc="180" ncloc="112" classes="1" methods="9" coveredmethods="9" conditionals="0" coveredconditionals="0" statements="63" coveredstatements="63" elements="72" coveredelements="72"/>
      </file>
      <file name="/Users/sam/Projects/dapper/src/Route.php">
        <class name="Route" namespace="dapper" fullPackage="dapper" package="dapper">
          <metrics methods="11" coveredmethods="11" conditionals="0" coveredconditionals="0" statements="39" coveredstatements="39" elements="50" coveredelements="50"/>
        </class>
        <line num="42" type="method" name="__construct" crap="1" count="36"/>
        <line num="44" type="stmt" count="36"/>
        <line num="45" type="stmt" count="36"/>
        <line num="46" type="stmt" count="36"/>
        <line num="47" type="stmt" count="36"/>
        <line num="48" type="stmt" count="36"/>
        <line num="49" type="stmt" count="36"/>
        <line num="51" type="method" name="path" crap="2" count="3"/>
        <line num="53" type="stmt" count="3"/>
        <line num="55" type="method" name="http_method" crap="2" count="12"/>
        <line num="57" type="stmt" count="12"/>
        <line num="66" type="method" name="controller_name" crap="2" count="12"/>
        <line num="68" type="stmt" count="12"/>
        <line num="79" type="method" name="uri_path_segments" crap="2" count="11"/>
        <line num="81" type="stmt" count="11"/>
        <line num="90" type="method" name="view_name" crap="2" count="3"/>
        <line num="92" type="stmt" count="3"/>
        <line num="93" type="stmt" count="3"/>
        <line num="94" type="stmt" count="3"/>
        <line num="101" type="method" name="work" crap="2" count="4"/>
        <line num="103" type="stmt" count="4"/>
        <line num="104" type="stmt" count="4"/>
        <line num="105" type="stmt" count="3"/>
        <line num="106" type="stmt" count="3"/>
        <line num="109" type="stmt" count="4"/>
        <line num="111" type="stmt" count="3"/>
        <line num="128" type="method" name="mapped_path_param_values" crap="2" count="7"/>
        <line num="130" type="stmt" count="7"/>
        <line num="131" type="stmt" count="7"/>
        <line num="132" type="stmt" count="7"/>
        <line num="144" type="method" name="response_payload" crap="2" count="2"/>
        <line num="146" type="stmt" count="2"/>
        <line num="152" type="stmt" count="2"/>
        <line num="153" type="stmt" count="1"/>
        <line num="154" type="stmt" count="1"/>
        <line num="155" type="stmt" count="2"/>
        <line num="169" type="method" name="disect_path" crap="5" count="36"/>
        <line num="171" type="stmt" count="36"/>
        <line num="172" type="stmt" count="36"/>
        <line num="173" type="stmt" count="36"/>
        <line num="174" type="stmt" count="36"/>
        <line num="179" type="stmt" count="29"/>
        <line num="180" type="stmt" count="29"/>
        <line num="181" type="method" name="anonymous function" crap="2" count="29"/>
        <line num="182" type="stmt" count="13"/>
        <line num="183" type="stmt" count="13"/>
        <line num="200" type="stmt" count="1"/>
        <metrics loc="199" ncloc="101" classes="1" methods="11" coveredmethods="11" conditionals="0" coveredconditionals="0" statements="36" coveredstatements="36" elements="47" coveredelements="47"/>
      </file>
      <file name="/Users/sam/Projects/dapper/src/Router.php">
        <class name="Router" namespace="dapper" fullPackage="dapper" package="dapper">
          <metrics methods="9" coveredmethods="9" conditionals="0" coveredconditionals="0" statements="54" coveredstatements="54" elements="63" coveredelements="63"/>
        </class>
        <line num="0" type="stmt" count="1"/>
        <line num="42" type="method" name="__construct" crap="1" count="20"/>
        <line num="44" type="stmt" count="20"/>
        <line num="45" type="stmt" count="20"/>
        <line num="59" type="method" name="do_work" crap="1" count="2"/>
        <line num="61" type="stmt" count="2"/>
        <line num="62" type="stmt" count="1"/>
        <line num="71" type="method" name="render" crap="2" count="3"/>
        <line num="73" type="stmt" count="3"/>
        <line num="74" type="stmt" count="3"/>
        <line num="75" type="stmt" count="3"/>
        <line num="76" type="stmt" count="1"/>
        <line num="78" type="stmt" count="2"/>
        <line num="79" type="stmt" count="1"/>
        <line num="93" type="method" name="append_route" crap="4" count="17"/>
        <line num="95" type="stmt" count="17"/>
        <line num="99" type="stmt" count="17"/>
        <line num="100" type="stmt" count="17"/>
        <line num="101" type="stmt" count="17"/>
        <line num="102" type="stmt" count="2"/>
        <line num="104" type="stmt" count="2"/>
        <line num="106" type="stmt" count="15"/>
        <line num="107" type="stmt" count="15"/>
        <line num="108" type="stmt" count="15"/>
        <line num="109" type="stmt" count="2"/>
        <line num="110" type="stmt" count="2"/>
        <line num="112" type="stmt" count="13"/>
        <line num="113" type="stmt" count="13"/>
        <line num="114" type="stmt" count="13"/>
        <line num="115" type="stmt" count="13"/>
        <line num="120" type="method" name="requested_route" crap="1" count="1"/>
        <line num="122" type="stmt" count="1"/>
        <line num="127" type="method" name="learned_routes" crap="1" count="1"/>
        <line num="129" type="stmt" count="1"/>
        <line num="136" type="method" name="match_route" crap="4" count="7"/>
        <line num="138" type="stmt" count="7"/>
        <line num="139" type="stmt" count="7"/>
        <line num="140" type="stmt" count="7"/>
        <line num="142" type="stmt" count="7"/>
        <line num="143" type="stmt" count="7"/>
        <line num="144" type="stmt" count="7"/>
        <line num="145" type="stmt" count="6"/>
        <line num="146" type="stmt" count="6"/>
        <line num="147" type="stmt" count="6"/>
        <line num="148" type="stmt" count="6"/>
        <line num="149" type="stmt" count="6"/>
        <line num="150" type="stmt" count="6"/>
        <line num="151" type="stmt" count="6"/>
        <line num="152" type="stmt" count="6"/>
        <line num="154" type="stmt" count="7"/>
        <line num="155" type="stmt" count="7"/>
        <line num="162" type="method" name="last_learned_route" crap="2" count="6"/>
        <line num="164" type="stmt" count="6"/>
        <line num="165" type="stmt" count="6"/>
        <line num="166" type="stmt" count="2"/>
        <line num="168" type="stmt" count="4"/>
        <line num="184" type="method" name="match_route_keys_to_request_values" crap="3" count="6"/>
        <line num="186" type="stmt" count="6"/>
        <line num="187" type="stmt" count="6"/>
        <line num="189" type="stmt" count="3"/>
        <line num="190" type="stmt" count="3"/>
        <line num="191" type="stmt" count="3"/>
        <line num="192" type="stmt" count="6"/>
        <line num="193" type="stmt" count="6"/>
        <metrics loc="194" ncloc="107" classes="1" methods="9" coveredmethods="9" conditionals="0" coveredconditionals="0" statements="54" coveredstatements="54" elements="63" coveredelements="63"/>
      </file>
      <file name="/Users/sam/Projects/dapper/src/Work.php">
        <class name="Work" namespace="dapper" fullPackage="dapper" package="dapper">
          <metrics methods="3" coveredmethods="3" conditionals="0" coveredconditionals="0" statements="10" coveredstatements="10" elements="13" coveredelements="13"/>
        </class>
        <line num="18" type="method" name="__construct" crap="1" count="6"/>
        <line num="20" type="stmt" count="6"/>
        <line num="21" type="stmt" count="6"/>
        <line num="26" type="method" name="__invoke" crap="1" count="2"/>
        <line num="32" type="stmt" count="2"/>
        <line num="33" type="stmt" count="2"/>
        <line num="40" type="stmt" count="2"/>
        <line num="46" type="stmt" count="2"/>
        <line num="47" type="stmt" count="2"/>
        <line num="48" type="stmt" count="2"/>
        <line num="51" type="stmt" count="2"/>
        <line num="60" type="method" name="closure" crap="1" count="3"/>
        <line num="62" type="stmt" count="3"/>
        <line num="67" type="stmt" count="1"/>
        <metrics loc="66" ncloc="31" classes="1" methods="3" coveredmethods="3" conditionals="0" coveredconditionals="0" statements="10" coveredstatements="10" elements="13" coveredelements="13"/>
      </file>
      <file name="/Users/sam/Projects/dapper/testing/mocks/EnvMock.php">
        <class name="EnvMock" namespace="dapper">
          <metrics methods="1" coveredmethods="1" conditionals="0" coveredconditionals="0" statements="1" coveredstatements="1" elements="2" coveredelements="2"/>
        </class>
        <line num="11" type="method" name="is_commandline_request" crap="1" count="2"/>
        <line num="13" type="stmt" count="2"/>
        <line num="16" type="stmt" count="1"/>
        <metrics loc="15" ncloc="10" classes="1" methods="1" coveredmethods="1" conditionals="0" coveredconditionals="0" statements="1" coveredstatements="1" elements="2" coveredelements="2"/>
      </file>
    </package>
    <package name="dapper\Exception">
      <file name="/Users/sam/Projects/dapper/src/Exception/InvalidStateException.php">
        <class name="InvalidStateException" namespace="dapper\Exception" fullPackage="dapper.Exception" package="dapper" subpackage="Exception">
          <metrics methods="0" coveredmethods="0" conditionals="0" coveredconditionals="0" statements="0" coveredstatements="0" elements="0" coveredelements="0"/>
        </class>
        <line num="16" type="stmt" count="1"/>
        <metrics loc="15" ncloc="7" classes="1" methods="0" coveredmethods="0" conditionals="0" coveredconditionals="0" statements="0" coveredstatements="0" elements="0" coveredelements="0"/>
      </file>
    </package>
    <package name="dapper\TemplateEngine">
      <file name="/Users/sam/Projects/dapper/src/TemplateEngine/BaseTemplateEngine.php">
        <class name="BaseTemplateEngine" namespace="dapper\TemplateEngine" fullPackage="dapper.TemplateEngine" package="dapper" subpackage="TemplateEngine">
          <metrics methods="3" coveredmethods="1" conditionals="0" coveredconditionals="0" statements="2" coveredstatements="2" elements="5" coveredelements="3"/>
        </class>
        <line num="24" type="method" name="__construct" crap="1" count="2"/>
        <line num="26" type="stmt" count="2"/>
        <line num="27" type="stmt" count="2"/>
        <line num="36" type="method" name="templatize" crap="1" count="0"/>
        <line num="44" type="method" name="templatize_error" crap="1" count="0"/>
        <line num="46" type="stmt" count="1"/>
        <metrics loc="45" ncloc="14" classes="1" methods="1" coveredmethods="1" conditionals="0" coveredconditionals="0" statements="2" coveredstatements="2" elements="3" coveredelements="3"/>
      </file>
      <file name="/Users/sam/Projects/dapper/src/TemplateEngine/PhpTemplate.php">
        <class name="PhpTemplate" namespace="dapper\TemplateEngine" fullPackage="dapper.TemplateEngine" package="dapper" subpackage="TemplateEngine">
          <metrics methods="3" coveredmethods="1" conditionals="0" coveredconditionals="0" statements="15" coveredstatements="3" elements="18" coveredelements="4"/>
        </class>
        <line num="21" type="method" name="__construct" crap="1" count="1"/>
        <line num="23" type="stmt" count="1"/>
        <line num="24" type="stmt" count="1"/>
        <line num="25" type="stmt" count="1"/>
        <line num="33" type="method" name="templatize" crap="6" count="0"/>
        <line num="35" type="stmt" count="0"/>
        <line num="36" type="stmt" count="0"/>
        <line num="37" type="stmt" count="0"/>
        <line num="38" type="stmt" count="0"/>
        <line num="39" type="stmt" count="0"/>
        <line num="40" type="stmt" count="0"/>
        <line num="43" type="stmt" count="0"/>
        <line num="44" type="stmt" count="0"/>
        <line num="45" type="stmt" count="0"/>
        <line num="46" type="stmt" count="0"/>
        <line num="48" type="stmt" count="0"/>
        <line num="56" type="method" name="templatize_error" crap="2" count="0"/>
        <line num="58" type="stmt" count="0"/>
        <line num="62" type="stmt" count="1"/>
        <metrics loc="61" ncloc="33" classes="1" methods="3" coveredmethods="1" conditionals="0" coveredconditionals="0" statements="15" coveredstatements="3" elements="18" coveredelements="4"/>
      </file>
      <file name="/Users/sam/Projects/dapper/src/TemplateEngine/Twig.php">
        <class name="Twig" namespace="dapper\TemplateEngine" fullPackage="dapper.TemplateEngine" package="dapper" subpackage="TemplateEngine">
          <metrics methods="4" coveredmethods="1" conditionals="0" coveredconditionals="0" statements="22" coveredstatements="5" elements="26" coveredelements="6"/>
        </class>
        <line num="24" type="method" name="__construct" crap="2.21" count="1"/>
        <line num="26" type="stmt" count="1"/>
        <line num="28" type="stmt" count="1"/>
        <line num="29" type="stmt" count="0"/>
        <line num="30" type="stmt" count="0"/>
        <line num="31" type="stmt" count="0"/>
        <line num="32" type="stmt" count="1"/>
        <line num="33" type="stmt" count="1"/>
        <line num="34" type="stmt" count="1"/>
        <line num="42" type="method" name="templatize" crap="6" count="0"/>
        <line num="44" type="stmt" count="0"/>
        <line num="46" type="stmt" count="0"/>
        <line num="47" type="stmt" count="0"/>
        <line num="48" type="stmt" count="0"/>
        <line num="49" type="stmt" count="0"/>
        <line num="50" type="stmt" count="0"/>
        <line num="53" type="stmt" count="0"/>
        <line num="54" type="stmt" count="0"/>
        <line num="56" type="stmt" count="0"/>
        <line num="64" type="method" name="templatize_error" crap="2" count="0"/>
        <line num="67" type="stmt" count="0"/>
        <line num="70" type="method" name="init" crap="2" count="0"/>
        <line num="72" type="stmt" count="0"/>
        <line num="73" type="stmt" count="0"/>
        <line num="74" type="stmt" count="0"/>
        <line num="75" type="stmt" count="0"/>
        <line num="79" type="stmt" count="1"/>
        <metrics loc="78" ncloc="50" classes="1" methods="4" coveredmethods="0" conditionals="0" coveredconditionals="0" statements="22" coveredstatements="5" elements="26" coveredelements="5"/>
      </file>
    </package>
    <metrics files="10" loc="1010" ncloc="581" classes="10" methods="55" coveredmethods="45" conditionals="0" coveredconditionals="0" statements="254" coveredstatements="218" elements="309" coveredelements="263"/>
  </project>
</coverage>
